<?xml version="1.0" encoding="UTF-8"?>
<!-- Generated by org.testng.reporters.JUnitReportReporter -->
<testsuite hostname="LAPTOP-84MC1GCV" failures="0" tests="1" name="com.qa.TestLayer.TestFbLogin" time="13.766" errors="0" timestamp="2022-05-29T14:15:47 IST" skipped="0">
  <testcase classname="com.qa.TestLayer.TestFbLogin" name="loginPagetest1" time="13.766"/>
  <system-out/>
</testsuite> <!-- com.qa.TestLayer.TestFbLogin -->
