<?xml version="1.0" encoding="UTF-8"?>
<!-- Generated by org.testng.reporters.JUnitReportReporter -->
<testsuite hostname="LAPTOP-84MC1GCV" failures="0" tests="1" name="com.Angle.TestLayer.TestAnglelogin" time="18.166" errors="0" timestamp="2022-05-29T18:47:55 IST" skipped="0">
  <testcase classname="com.Angle.TestLayer.TestAnglelogin" name="logIntoAngle" time="18.166"/>
  <system-out/>
</testsuite> <!-- com.Angle.TestLayer.TestAnglelogin -->
