<?xml version="1.0" encoding="UTF-8"?>
<!-- Generated by org.testng.reporters.JUnitReportReporter -->
<testsuite hostname="LAPTOP-84MC1GCV" failures="0" tests="1" name="com.AngleTestBase.AngelTestBase" time="27.543" errors="0" timestamp="2022-05-29T14:17:05 IST" skipped="0">
  <testcase classname="com.AngleTestBase.AngelTestBase" name="launchBroweser" time="27.543"/>
  <system-out/>
</testsuite> <!-- com.AngleTestBase.AngelTestBase -->
