<?xml version="1.0" encoding="UTF-8"?>
<!-- Generated by org.testng.reporters.JUnitReportReporter -->
<testsuite hostname="LAPTOP-84MC1GCV" failures="0" tests="1" name="com.qa.TestLayer.TestLogin" time="37.903" errors="0" timestamp="2022-05-21T16:32:29 IST" skipped="0">
  <testcase classname="com.qa.TestLayer.TestLogin" name="TeastUser" time="37.903"/>
  <system-out/>
</testsuite> <!-- com.qa.TestLayer.TestLogin -->
