<?xml version="1.0" encoding="UTF-8"?>
<!-- Generated by org.testng.reporters.JUnitReportReporter -->
<testsuite hostname="LAPTOP-84MC1GCV" failures="0" tests="4" name="com.qa.TestLayer.TestClassHomePage" time="41.340" errors="0" timestamp="2022-05-19T22:48:48 IST" skipped="0">
  <testcase classname="com.qa.TestLayer.TestClassHomePage" name="testmacBookAi" time="14.250"/>
  <system-out/>
  <testcase classname="com.qa.TestLayer.TestClassHomePage" name="testLaptop" time="4.895"/>
  <system-out/>
  <testcase classname="com.qa.TestLayer.TestClassHomePage" name="testSonyVoioi5" time="10.984"/>
  <system-out/>
  <testcase classname="com.qa.TestLayer.TestClassHomePage" name="testSonyVoioi7" time="11.211"/>
  <system-out/>
</testsuite> <!-- com.qa.TestLayer.TestClassHomePage -->
