<?xml version="1.0" encoding="UTF-8"?>
<!-- Generated by org.testng.reporters.JUnitReportReporter -->
<testsuite hostname="LAPTOP-84MC1GCV" failures="0" tests="4" name="mobileStoreWebTesting.TestClassHomePage" time="107.797" errors="0" timestamp="2022-05-19T14:34:14 IST" skipped="0">
  <testcase classname="mobileStoreWebTesting.TestClassHomePage" name="testLaptop" time="20.540"/>
  <system-out/>
  <testcase classname="mobileStoreWebTesting.TestClassHomePage" name="testSonyVoioi7" time="27.561"/>
  <system-out/>
  <testcase classname="mobileStoreWebTesting.TestClassHomePage" name="testmacBookAi" time="25.039"/>
  <system-out/>
  <testcase classname="mobileStoreWebTesting.TestClassHomePage" name="testSonyVoioi5" time="34.657"/>
  <system-out/>
</testsuite> <!-- mobileStoreWebTesting.TestClassHomePage -->
