<?xml version="1.0" encoding="UTF-8"?>
<!-- Generated by org.testng.reporters.JUnitReportReporter -->
<testsuite hostname="LAPTOP-84MC1GCV" failures="0" tests="1" name="com.qa.TestBase.Testbase" time="6.660" errors="0" timestamp="2022-05-19T12:20:07 IST" skipped="0">
  <testcase classname="com.qa.TestBase.Testbase" name="tearDown" time="6.660"/>
  <system-out/>
</testsuite> <!-- com.qa.TestBase.Testbase -->
