<?xml version="1.0" encoding="UTF-8"?>
<!-- Generated by org.testng.reporters.JUnitReportReporter -->
<testsuite hostname="LAPTOP-84MC1GCV" failures="0" tests="1" name="testNg.ArtifactTest" time="0.002" errors="0" timestamp="2022-05-09T12:55:13 IST" skipped="0">
  <testcase classname="testNg.ArtifactTest" name="testcase1" time="0.002"/>
  <system-out/>
</testsuite> <!-- testNg.ArtifactTest -->
