<?xml version="1.0" encoding="UTF-8"?>
<!-- Generated by org.testng.reporters.JUnitReportReporter -->
<testsuite hostname="LAPTOP-84MC1GCV" failures="0" tests="4" name="projectMaven.Artifactid" time="0.027" errors="0" timestamp="2022-05-14T07:26:17 IST" skipped="0">
  <testcase classname="projectMaven.Artifactid" name="testcase3" time="0.010"/>
  <system-out/>
  <testcase classname="projectMaven.Artifactid" name="testcase2" time="0.009"/>
  <system-out/>
  <testcase classname="projectMaven.Artifactid" name="testcase4" time="0.005"/>
  <system-out/>
  <testcase classname="projectMaven.Artifactid" name="testcase1" time="0.003"/>
  <system-out/>
</testsuite> <!-- projectMaven.Artifactid -->
