<?xml version="1.0" encoding="UTF-8"?>
<!-- Generated by org.testng.reporters.JUnitReportReporter -->
<testsuite hostname="LAPTOP-84MC1GCV" failures="0" tests="3" name="com.qa.testLayer.TestHomePageClass" time="45.721" errors="0" timestamp="2022-05-18T17:13:18 IST" skipped="0">
  <testcase classname="com.qa.testLayer.TestHomePageClass" name="testNokiaLumia" time="36.459"/>
  <system-out/>
  <testcase classname="com.qa.testLayer.TestHomePageClass" name="testSamsungS6" time="5.183"/>
  <system-out/>
  <testcase classname="com.qa.testLayer.TestHomePageClass" name="testPhoneOption" time="4.079"/>
  <system-out/>
</testsuite> <!-- com.qa.testLayer.TestHomePageClass -->
