<?xml version="1.0" encoding="UTF-8"?>
<!-- Generated by org.testng.reporters.JUnitReportReporter -->
<testsuite hostname="LAPTOP-84MC1GCV" failures="0" tests="1" name="com.qa.pagelayer.TestBase" time="45.652" errors="0" timestamp="2022-05-18T18:38:30 IST" skipped="0">
  <testcase classname="com.qa.pagelayer.TestBase" name="tearDown" time="45.652"/>
  <system-out/>
</testsuite> <!-- com.qa.pagelayer.TestBase -->
